Thu Nov 22 2018 00:36:04 GMT-0600 (Central Standard Time):GET /
Thu Nov 22 2018 00:36:16 GMT-0600 (Central Standard Time):POST /login
Thu Nov 22 2018 00:37:32 GMT-0600 (Central Standard Time):GET /logout
Thu Nov 22 2018 00:37:32 GMT-0600 (Central Standard Time):GET /
Thu Nov 22 2018 00:37:38 GMT-0600 (Central Standard Time):POST /login
Thu Nov 22 2018 00:37:50 GMT-0600 (Central Standard Time):GET /usersList?page=1
Thu Nov 22 2018 00:37:59 GMT-0600 (Central Standard Time):GET /usersList?page=2
Thu Nov 22 2018 00:38:02 GMT-0600 (Central Standard Time):GET /usersList?page=3
Thu Nov 22 2018 00:38:03 GMT-0600 (Central Standard Time):GET /usersList?page=2
Thu Nov 22 2018 00:38:06 GMT-0600 (Central Standard Time):GET /usersList?page=1&deleteId=6
Thu Nov 22 2018 00:38:06 GMT-0600 (Central Standard Time):GET /usersList?page=1
Thu Nov 22 2018 00:38:07 GMT-0600 (Central Standard Time):GET /usersList?page=2
Thu Nov 22 2018 00:38:08 GMT-0600 (Central Standard Time):GET /usersList?page=1
Thu Nov 22 2018 00:38:40 GMT-0600 (Central Standard Time):GET /custInfo?id=2
Thu Nov 22 2018 00:38:50 GMT-0600 (Central Standard Time):GET /custInfo?id=2
Thu Nov 22 2018 00:38:56 GMT-0600 (Central Standard Time):GET /custInfo?id=3
Thu Nov 22 2018 00:39:00 GMT-0600 (Central Standard Time):GET /custInfo?id=3
Thu Nov 22 2018 00:39:03 GMT-0600 (Central Standard Time):GET /custInfo?id=2
Thu Nov 22 2018 00:41:23 GMT-0600 (Central Standard Time):GET /index
Thu Nov 22 2018 00:41:31 GMT-0600 (Central Standard Time):POST /login
Thu Nov 22 2018 00:41:44 GMT-0600 (Central Standard Time):GET /usersList?page=1
Thu Nov 22 2018 00:41:46 GMT-0600 (Central Standard Time):GET /custInfo?id=2
Thu Nov 22 2018 00:41:58 GMT-0600 (Central Standard Time):POST /custInfo?id=
Thu Nov 22 2018 00:41:58 GMT-0600 (Central Standard Time):GET /usersList?page=1
Thu Nov 22 2018 00:42:11 GMT-0600 (Central Standard Time):GET /custInfo?id=2
Thu Nov 22 2018 00:42:18 GMT-0600 (Central Standard Time):POST /custInfo?id=
Thu Nov 22 2018 00:42:18 GMT-0600 (Central Standard Time):GET /usersList?page=1
Thu Nov 22 2018 00:43:34 GMT-0600 (Central Standard Time):GET /usersList?page=1
Thu Nov 22 2018 00:43:40 GMT-0600 (Central Standard Time):GET /index
Thu Nov 22 2018 00:43:50 GMT-0600 (Central Standard Time):POST /login
Thu Nov 22 2018 00:43:52 GMT-0600 (Central Standard Time):GET /usersList?page=1
Thu Nov 22 2018 00:43:55 GMT-0600 (Central Standard Time):GET /custInfo?id=2
Thu Nov 22 2018 00:44:08 GMT-0600 (Central Standard Time):POST /custInfo?id=
Thu Nov 22 2018 00:44:08 GMT-0600 (Central Standard Time):GET /usersList?page=1
Thu Nov 22 2018 00:44:36 GMT-0600 (Central Standard Time):GET /custInfo?id=2
Thu Nov 22 2018 00:44:39 GMT-0600 (Central Standard Time):POST /custInfo?id=
Thu Nov 22 2018 00:44:39 GMT-0600 (Central Standard Time):GET /usersList?page=1
Thu Nov 22 2018 00:45:32 GMT-0600 (Central Standard Time):GET /index
Thu Nov 22 2018 00:45:38 GMT-0600 (Central Standard Time):POST /login
Thu Nov 22 2018 00:45:55 GMT-0600 (Central Standard Time):GET /editProfile
Thu Nov 22 2018 00:46:13 GMT-0600 (Central Standard Time):POST /editProfile
Thu Nov 22 2018 00:46:13 GMT-0600 (Central Standard Time):GET /home
Thu Nov 22 2018 00:46:35 GMT-0600 (Central Standard Time):GET /index
Thu Nov 22 2018 00:46:38 GMT-0600 (Central Standard Time):GET /editProfile
Thu Nov 22 2018 00:47:41 GMT-0600 (Central Standard Time):GET /editProfile
Thu Nov 22 2018 00:47:43 GMT-0600 (Central Standard Time):GET /index
Thu Nov 22 2018 00:47:48 GMT-0600 (Central Standard Time):POST /login
Thu Nov 22 2018 00:47:51 GMT-0600 (Central Standard Time):GET /editProfile
Thu Nov 22 2018 00:49:14 GMT-0600 (Central Standard Time):GET /index
Thu Nov 22 2018 00:49:20 GMT-0600 (Central Standard Time):POST /login
Thu Nov 22 2018 00:49:22 GMT-0600 (Central Standard Time):GET /editProfile
Thu Nov 22 2018 00:49:30 GMT-0600 (Central Standard Time):POST /editProfile
Thu Nov 22 2018 00:49:30 GMT-0600 (Central Standard Time):GET /home
Thu Nov 22 2018 00:50:23 GMT-0600 (Central Standard Time):GET /index
Thu Nov 22 2018 00:50:30 GMT-0600 (Central Standard Time):POST /login
Thu Nov 22 2018 00:50:32 GMT-0600 (Central Standard Time):GET /editProfile
Thu Nov 22 2018 00:50:34 GMT-0600 (Central Standard Time):POST /editProfile
Thu Nov 22 2018 00:50:34 GMT-0600 (Central Standard Time):GET /home
Thu Nov 22 2018 00:50:54 GMT-0600 (Central Standard Time):GET /home
Thu Nov 22 2018 00:50:57 GMT-0600 (Central Standard Time):GET /index
Thu Nov 22 2018 00:51:06 GMT-0600 (Central Standard Time):POST /login
Thu Nov 22 2018 00:51:09 GMT-0600 (Central Standard Time):GET /editProfile
Thu Nov 22 2018 00:51:11 GMT-0600 (Central Standard Time):POST /editProfile
Thu Nov 22 2018 00:51:11 GMT-0600 (Central Standard Time):GET /home
Thu Nov 22 2018 00:51:14 GMT-0600 (Central Standard Time):GET /wishlists?page=1
Thu Nov 22 2018 00:51:14 GMT-0600 (Central Standard Time):GET /1541313428366222.jpg
Thu Nov 22 2018 00:51:14 GMT-0600 (Central Standard Time):GET /1541313483085hhh.jpg
Thu Nov 22 2018 00:51:18 GMT-0600 (Central Standard Time):GET /wishlists?page=2
Thu Nov 22 2018 00:51:18 GMT-0600 (Central Standard Time):GET /154131138624325.jpg
Thu Nov 22 2018 00:51:18 GMT-0600 (Central Standard Time):GET /154131134182522.jpg
Thu Nov 22 2018 00:51:20 GMT-0600 (Central Standard Time):GET /wishlists?page=3
Thu Nov 22 2018 00:51:24 GMT-0600 (Central Standard Time):GET /wishlists?page=2
Thu Nov 22 2018 00:51:24 GMT-0600 (Central Standard Time):GET /154131138624325.jpg
Thu Nov 22 2018 00:51:24 GMT-0600 (Central Standard Time):GET /154131134182522.jpg
Thu Nov 22 2018 00:51:25 GMT-0600 (Central Standard Time):GET /single?wishlist_id=5&src=wishlist
Thu Nov 22 2018 00:51:26 GMT-0600 (Central Standard Time):GET /154131138624325.jpg
Thu Nov 22 2018 00:52:40 GMT-0600 (Central Standard Time):GET /index
Thu Nov 22 2018 00:52:46 GMT-0600 (Central Standard Time):GET /wishlists?page=1
Thu Nov 22 2018 00:52:46 GMT-0600 (Central Standard Time):GET /1541313428366222.jpg
Thu Nov 22 2018 00:52:46 GMT-0600 (Central Standard Time):GET /1541313483085hhh.jpg
Thu Nov 22 2018 00:52:49 GMT-0600 (Central Standard Time):GET /index
Thu Nov 22 2018 00:52:52 GMT-0600 (Central Standard Time):GET /logout
Thu Nov 22 2018 00:52:52 GMT-0600 (Central Standard Time):GET /
Thu Nov 22 2018 00:53:15 GMT-0600 (Central Standard Time):GET /contact
Thu Nov 22 2018 00:53:17 GMT-0600 (Central Standard Time):GET /booking.hbs
Thu Nov 22 2018 00:53:30 GMT-0600 (Central Standard Time):GET /about.hbs
Thu Nov 22 2018 00:54:31 GMT-0600 (Central Standard Time):GET /contact
Thu Nov 22 2018 00:54:35 GMT-0600 (Central Standard Time):GET /booking
Thu Nov 22 2018 00:54:48 GMT-0600 (Central Standard Time):GET /about
Thu Nov 22 2018 00:55:11 GMT-0600 (Central Standard Time):GET /about
Thu Nov 22 2018 00:55:14 GMT-0600 (Central Standard Time):GET /booking
Thu Nov 22 2018 00:55:34 GMT-0600 (Central Standard Time):GET /
Thu Nov 22 2018 00:55:41 GMT-0600 (Central Standard Time):POST /login
Thu Nov 22 2018 00:55:44 GMT-0600 (Central Standard Time):GET /bookings?page=1
Thu Nov 22 2018 00:55:44 GMT-0600 (Central Standard Time):GET /154131134182522.jpg
Thu Nov 22 2018 00:55:44 GMT-0600 (Central Standard Time):GET /1541313369289333.jpg
Thu Nov 22 2018 00:55:47 GMT-0600 (Central Standard Time):GET /contact.hbs
Thu Nov 22 2018 00:57:37 GMT-0600 (Central Standard Time):GET /
Thu Nov 22 2018 00:57:42 GMT-0600 (Central Standard Time):GET /logout
Thu Nov 22 2018 00:57:42 GMT-0600 (Central Standard Time):GET /
Thu Nov 22 2018 00:57:49 GMT-0600 (Central Standard Time):POST /login
Thu Nov 22 2018 00:57:53 GMT-0600 (Central Standard Time):GET /roomInfo
Thu Nov 22 2018 00:59:15 GMT-0600 (Central Standard Time):GET /manageHotel
Thu Nov 22 2018 00:59:16 GMT-0600 (Central Standard Time):GET /
Thu Nov 22 2018 00:59:36 GMT-0600 (Central Standard Time):GET /
Thu Nov 22 2018 00:59:44 GMT-0600 (Central Standard Time):POST /login
Thu Nov 22 2018 00:59:46 GMT-0600 (Central Standard Time):GET /manageHotel
Thu Nov 22 2018 01:01:55 GMT-0600 (Central Standard Time):GET /
